{
  "RSpec": {
    "coverage": {
      "/Users/margaridamartelo/Projects/Bookmark-Manager/spec/feature/app_test_spec.rb": {
        "lines": [
          null,
          1,
          1,
          1,
          1,
          null,
          null
        ]
      },
      "/Users/margaridamartelo/Projects/Bookmark-Manager/spec/feature/viewing_bookmarks_spec.rb": {
        "lines": [
          1,
          1,
          1,
          null,
          1,
          1,
          1,
          null,
          1,
          null,
          1,
          1,
          1,
          null,
          null
        ]
      },
      "/Users/margaridamartelo/Projects/Bookmark-Manager/spec/unit/bookmark_spec.rb": {
        "lines": [
          1,
          null,
          1,
          1,
          1,
          1,
          null,
          1,
          1,
          1,
          null,
          1,
          1,
          1,
          1,
          null,
          null,
          null
        ]
      }
    },
    "timestamp": 1605635963
  }
}
